<?xml version="1.0" encoding="UTF-8" ?>
<testsuite tests="11" failures="0" name="testrunner.TestRunner" time="83.165" errors="0" skipped="0">
  <properties>
[...]
</properties>
  <testcase classname="Calculator Functionality Check" name="Validate calculator webpage" time="0.75"/>
  <testcase classname="Calculator Functionality Check" name="Validate AC and equal to button colors" time="0.093"/>
  <testcase classname="Calculator Functionality Check" name="Validate AC and equal to button colors" time="0.076"/>
  <testcase classname="Calculator Functionality Check" name="Validate addition functionality" time="10.271"/>
  <testcase classname="Calculator Functionality Check" name="Validate addition functionality" time="10.284"/>
  <testcase classname="Calculator Functionality Check" name="Validate Subtraction functionality" time="10.291"/>
  <testcase classname="Calculator Functionality Check" name="Validate Subtraction functionality" time="10.344"/>
  <testcase classname="Calculator Functionality Check" name="Validate multiplication functionality" time="10.268"/>
  <testcase classname="Calculator Functionality Check" name="Validate multiplication functionality" time="10.247"/>
  <testcase classname="Calculator Functionality Check" name="Validate division functionality" time="10.288"/>
  <testcase classname="Calculator Functionality Check" name="Validate division functionality" time="10.253"/>
</testsuite>